<?xml version="1.0" encoding="UTF-8"?>
<!-- Generated by org.testng.reporters.JUnitXMLReporter -->
<testsuite ignored="3" hostname="Manvithas-Air" failures="0" tests="1" name="Default test" time="412.271" errors="0" timestamp="2024-05-25T22:10:20 GMT-04:00">
  <testcase classname="com.pageobjects.login" name="Dropdown" time="160.335"/>
  <testcase classname="com.pageobjects.login" name="InvalidCredentials" time="0.0">
    <ignored/>
  </testcase> <!-- InvalidCredentials -->
  <testcase classname="com.pageobjects.login" name="Login" time="0.0">
    <ignored/>
  </testcase> <!-- Login -->
  <testcase classname="com.pageobjects.login" name="CreditCardsDropdown" time="0.0">
    <ignored/>
  </testcase> <!-- CreditCardsDropdown -->
</testsuite> <!-- Default test -->
