<?xml version="1.0" encoding="UTF-8"?>
<testng-results ignored="0" total="1" passed="1" failed="0" skipped="0">
  <reporter-output>
  </reporter-output>
  <suite started-at="2024-05-25T22:03:27 GMT-04:00" name="Default suite" finished-at="2024-05-25T22:10:20 GMT-04:00" duration-ms="412271">
    <groups>
    </groups>
    <test started-at="2024-05-25T22:03:27 GMT-04:00" name="Default test" finished-at="2024-05-25T22:10:20 GMT-04:00" duration-ms="412271">
      <class name="com.pageobjects.login">
        <test-method is-config="true" signature="SetupDriver()[pri:0, instance:com.pageobjects.login@2d710f1a]" started-at="2024-05-25T22:03:27 GMT-04:00" name="SetupDriver" finished-at="2024-05-25T22:07:39 GMT-04:00" duration-ms="251576" status="PASS">
          <reporter-output>
          </reporter-output>
        </test-method> <!-- SetupDriver -->
        <test-method signature="Dropdown()[pri:3, instance:com.pageobjects.login@2d710f1a]" started-at="2024-05-25T22:07:39 GMT-04:00" name="Dropdown" finished-at="2024-05-25T22:10:19 GMT-04:00" duration-ms="160335" status="PASS">
          <reporter-output>
          </reporter-output>
        </test-method> <!-- Dropdown -->
        <test-method is-config="true" signature="TearDown()[pri:0, instance:com.pageobjects.login@2d710f1a]" started-at="2024-05-25T22:10:19 GMT-04:00" name="TearDown" finished-at="2024-05-25T22:10:20 GMT-04:00" duration-ms="284" status="PASS">
          <reporter-output>
          </reporter-output>
        </test-method> <!-- TearDown -->
      </class> <!-- com.pageobjects.login -->
    </test> <!-- Default test -->
  </suite> <!-- Default suite -->
</testng-results>
